Arguments: 
  /usr/local/bin/node /usr/local/bin/yarn add bignumber.js -S

PATH: 
  /usr/local/bin:/usr/bin:/bin:/usr/sbin:/sbin:/usr/local/mysql/bin

Yarn version: 
  1.9.4

Node version: 
  8.12.0

Platform: 
  darwin x64

Trace: 
  Error: EACCES: permission denied, mkdir '/Users/apple/Desktop/项目/钱包/intchain-wallet/node_modules/browserify-sha3/node_modules'

npm manifest: 
  {
      "name": "wallet",
      "version": "1.0.0",
      "main": "server.js",
      "directories": {
          "lib": "lib"
      },
      "scripts": {
          "test": "echo \"Error: no test specified\" && exit 1",
          "start": "node server.js",
          "watch": "gulp watch",
          "build": "browserify --require  ./src/index.js:wal ./src/index.js > wal.js"
      },
      "author": "",
      "license": "ISC",
      "dependencies": {
          "babel-core": "^6.26.3",
          "babel-loader": "^7.1.5",
          "babel-preset-es2015": "^6.24.1",
          "babel-preset-stage-2": "^6.24.1",
          "ethereumjs-tx": "^1.3.6",
          "express": "^4.16.3",
          "fs-extra": "^6.0.1",
          "multer": "^1.3.0",
          "node-uuid": "^1.4.8",
          "qr-image": "^3.2.0",
          "rlp": "^2.1.0",
          "secp256k1": "^3.4.0",
          "web3": "^1.0.0-beta.21",
          "web3-eth": "^1.0.0-beta.21",
          "web3-eth-personal": "^1.0.0-beta.21"
      },
      "devDependencies": {},
      "description": ""
  }

yarn manifest: 
  No manifest

Lockfile: 
  No lockfile
